c:\users\siddharth joseph\desktop\project4finalood\project4\commprototype\msgserver\debug\vc140.pdb
c:\users\siddharth joseph\desktop\project4finalood\project4\commprototype\msgserver\debug\vc140.idb
c:\users\siddharth joseph\desktop\project4finalood\project4\commprototype\msgserver\debug\filesystem.obj
c:\users\siddharth joseph\desktop\project4finalood\project4\commprototype\msgserver\debug\httpmessage.obj
c:\users\siddharth joseph\desktop\project4finalood\project4\commprototype\msgserver\debug\cpp11-blockingqueue.obj
c:\users\siddharth joseph\desktop\project4finalood\project4\commprototype\msgserver\debug\logger.obj
c:\users\siddharth joseph\desktop\project4finalood\project4\commprototype\msgserver\debug\sockets.obj
c:\users\siddharth joseph\desktop\project4finalood\project4\commprototype\msgserver\debug\utilities.obj
c:\users\siddharth joseph\desktop\project4finalood\project4\commprototype\msgserver\debug\xmldocument.obj
c:\users\siddharth joseph\desktop\project4finalood\project4\commprototype\msgserver\debug\tokenizer.obj
c:\users\siddharth joseph\desktop\project4finalood\project4\commprototype\msgserver\debug\xmlelementparts.obj
c:\users\siddharth joseph\desktop\project4finalood\project4\commprototype\msgserver\debug\xmlelement.obj
c:\users\siddharth joseph\desktop\project4finalood\project4\commprototype\msgserver\debug\xmlparser.obj
c:\users\siddharth joseph\desktop\project4finalood\project4\commprototype\msgserver\debug\msgserver.obj
c:\users\siddharth joseph\desktop\project4finalood\project4\commprototype\debug\msgserver.ilk
c:\users\siddharth joseph\desktop\project4finalood\project4\commprototype\debug\msgserver.exe
c:\users\siddharth joseph\desktop\project4finalood\project4\commprototype\debug\msgserver.pdb
c:\users\siddharth joseph\desktop\project4finalood\project4\commprototype\msgserver\debug\msgserver.tlog\cl.command.1.tlog
c:\users\siddharth joseph\desktop\project4finalood\project4\commprototype\msgserver\debug\msgserver.tlog\cl.read.1.tlog
c:\users\siddharth joseph\desktop\project4finalood\project4\commprototype\msgserver\debug\msgserver.tlog\cl.write.1.tlog
c:\users\siddharth joseph\desktop\project4finalood\project4\commprototype\msgserver\debug\msgserver.tlog\link.command.1.tlog
c:\users\siddharth joseph\desktop\project4finalood\project4\commprototype\msgserver\debug\msgserver.tlog\link.read.1.tlog
c:\users\siddharth joseph\desktop\project4finalood\project4\commprototype\msgserver\debug\msgserver.tlog\link.write.1.tlog
