c:\users\siddharth joseph\desktop\project2final\metric\x64\debug\vc140.pdb
c:\users\siddharth joseph\desktop\project2final\metric\x64\debug\vc140.idb
c:\users\siddharth joseph\desktop\project2final\metric\x64\debug\filesystem.obj
c:\users\siddharth joseph\desktop\project2final\metric\x64\debug\actionsandrules.obj
c:\users\siddharth joseph\desktop\project2final\metric\x64\debug\configureparser.obj
c:\users\siddharth joseph\desktop\project2final\metric\x64\debug\parser.obj
c:\users\siddharth joseph\desktop\project2final\metric\x64\debug\scopestack.obj
c:\users\siddharth joseph\desktop\project2final\metric\x64\debug\semiexp.obj
c:\users\siddharth joseph\desktop\project2final\metric\x64\debug\tokenizer.obj
c:\users\siddharth joseph\desktop\project2final\metric\x64\debug\utilities.obj
c:\users\siddharth joseph\desktop\project2final\metric\x64\debug\metric.obj
c:\users\siddharth joseph\desktop\project2final\x64\debug\metric.ilk
c:\users\siddharth joseph\desktop\project2final\x64\debug\metric.exe
c:\users\siddharth joseph\desktop\project2final\x64\debug\metric.pdb
c:\users\siddharth joseph\desktop\project2final\metric\x64\debug\metric.tlog\cl.command.1.tlog
c:\users\siddharth joseph\desktop\project2final\metric\x64\debug\metric.tlog\cl.read.1.tlog
c:\users\siddharth joseph\desktop\project2final\metric\x64\debug\metric.tlog\cl.write.1.tlog
c:\users\siddharth joseph\desktop\project2final\metric\x64\debug\metric.tlog\link.command.1.tlog
c:\users\siddharth joseph\desktop\project2final\metric\x64\debug\metric.tlog\link.read.1.tlog
c:\users\siddharth joseph\desktop\project2final\metric\x64\debug\metric.tlog\link.write.1.tlog
