c:\users\siddharth joseph\desktop\project4finalood\project4\commprototype\msgclient\debug\vc140.pdb
c:\users\siddharth joseph\desktop\project4finalood\project4\commprototype\msgclient\debug\vc140.idb
c:\users\siddharth joseph\desktop\project4finalood\project4\commprototype\msgclient\debug\filesystem.obj
c:\users\siddharth joseph\desktop\project4finalood\project4\commprototype\msgclient\debug\httpmessage.obj
c:\users\siddharth joseph\desktop\project4finalood\project4\commprototype\msgclient\debug\cpp11-blockingqueue.obj
c:\users\siddharth joseph\desktop\project4finalood\project4\commprototype\msgclient\debug\logger.obj
c:\users\siddharth joseph\desktop\project4finalood\project4\commprototype\msgclient\debug\sockets.obj
c:\users\siddharth joseph\desktop\project4finalood\project4\commprototype\msgclient\debug\utilities.obj
c:\users\siddharth joseph\desktop\project4finalood\project4\commprototype\msgclient\debug\xmldocument.obj
c:\users\siddharth joseph\desktop\project4finalood\project4\commprototype\msgclient\debug\tokenizer.obj
c:\users\siddharth joseph\desktop\project4finalood\project4\commprototype\msgclient\debug\xmlelementparts.obj
c:\users\siddharth joseph\desktop\project4finalood\project4\commprototype\msgclient\debug\xmlelement.obj
c:\users\siddharth joseph\desktop\project4finalood\project4\commprototype\msgclient\debug\xmlparser.obj
c:\users\siddharth joseph\desktop\project4finalood\project4\commprototype\msgclient\debug\msgclient.obj
c:\users\siddharth joseph\desktop\project4finalood\project4\commprototype\debug\msgclient.ilk
c:\users\siddharth joseph\desktop\project4finalood\project4\commprototype\debug\msgclient.exe
c:\users\siddharth joseph\desktop\project4finalood\project4\commprototype\debug\msgclient.pdb
c:\users\siddharth joseph\desktop\project4finalood\project4\commprototype\msgclient\debug\msgclient.tlog\cl.command.1.tlog
c:\users\siddharth joseph\desktop\project4finalood\project4\commprototype\msgclient\debug\msgclient.tlog\cl.read.1.tlog
c:\users\siddharth joseph\desktop\project4finalood\project4\commprototype\msgclient\debug\msgclient.tlog\cl.write.1.tlog
c:\users\siddharth joseph\desktop\project4finalood\project4\commprototype\msgclient\debug\msgclient.tlog\link.command.1.tlog
c:\users\siddharth joseph\desktop\project4finalood\project4\commprototype\msgclient\debug\msgclient.tlog\link.read.1.tlog
c:\users\siddharth joseph\desktop\project4finalood\project4\commprototype\msgclient\debug\msgclient.tlog\link.write.1.tlog
